<?xml version="1.0" encoding="UTF-8"?>
<!-- Generated by org.testng.reporters.JUnitXMLReporter -->
<testsuite hostname="DESKTOP-2L9J5UN" name="Test" tests="1" failures="0" timestamp="27 Aug 2019 07:22:50 GMT" time="0.016" errors="0">
  <testcase name="@BeforeSuite extentreport123" time="0.0" classname="scripts.LoginPage_Test">
    <failure type="java.lang.NoClassDefFoundError" message="com/relevantcodes/extentreports/ExtentReports">
      <![CDATA[java.lang.NoClassDefFoundError: com/relevantcodes/extentreports/ExtentReports
	at generic_libraries.Generic_Test.extentreport123(Generic_Test.java:32)
Caused by: java.lang.ClassNotFoundException: com.relevantcodes.extentreports.ExtentReports
	at java.net.URLClassLoader.findClass(Unknown Source)
	at java.lang.ClassLoader.loadClass(Unknown Source)
	at sun.misc.Launcher$AppClassLoader.loadClass(Unknown Source)
	at java.lang.ClassLoader.loadClass(Unknown Source)
	... 18 more
... Removed 17 stack frames]]>
    </failure>
  </testcase> <!-- @BeforeSuite extentreport123 -->
  <testcase name="@BeforeTest starttest123" time="0.0" classname="scripts.LoginPage_Test">
    <skipped/>
  </testcase> <!-- @BeforeTest starttest123 -->
  <testcase name="@BeforeMethod openAppln" time="0.0" classname="scripts.LoginPage_Test">
    <skipped/>
  </testcase> <!-- @BeforeMethod openAppln -->
  <testcase name="@AfterMethod closeAppln" time="0.0" classname="scripts.LoginPage_Test">
    <skipped/>
  </testcase> <!-- @AfterMethod closeAppln -->
  <testcase name="testLogin" time="0.0" classname="scripts.LoginPage_Test">
    <skipped/>
  </testcase> <!-- testLogin -->
</testsuite> <!-- Test -->
