<?xml version="1.0" encoding="UTF-8"?>
<testng-results skipped="1" failed="0" total="1" passed="0">
  <reporter-output>
  </reporter-output>
  <suite name="Suite" duration-ms="16" started-at="2019-08-27T07:22:50Z" finished-at="2019-08-27T07:22:50Z">
    <groups>
    </groups>
    <test name="Test" duration-ms="16" started-at="2019-08-27T07:22:50Z" finished-at="2019-08-27T07:22:50Z">
      <class name="scripts.LoginPage_Test">
        <test-method status="FAIL" signature="extentreport123()[pri:0, instance:scripts.LoginPage_Test@170c109]" name="extentreport123" is-config="true" duration-ms="0" started-at="2019-08-27T12:52:50Z" finished-at="2019-08-27T12:52:50Z">
          <exception class="java.lang.NoClassDefFoundError">
            <message>
              <![CDATA[com/relevantcodes/extentreports/ExtentReports]]>
            </message>
            <full-stacktrace>
              <![CDATA[java.lang.NoClassDefFoundError: com/relevantcodes/extentreports/ExtentReports
	at generic_libraries.Generic_Test.extentreport123(Generic_Test.java:32)
	at sun.reflect.NativeMethodAccessorImpl.invoke0(Native Method)
	at sun.reflect.NativeMethodAccessorImpl.invoke(Unknown Source)
	at sun.reflect.DelegatingMethodAccessorImpl.invoke(Unknown Source)
	at java.lang.reflect.Method.invoke(Unknown Source)
	at org.testng.internal.MethodInvocationHelper.invokeMethod(MethodInvocationHelper.java:86)
	at org.testng.internal.Invoker.invokeConfigurationMethod(Invoker.java:514)
	at org.testng.internal.Invoker.invokeConfigurations(Invoker.java:215)
	at org.testng.internal.Invoker.invokeConfigurations(Invoker.java:142)
	at org.testng.SuiteRunner.privateRun(SuiteRunner.java:305)
	at org.testng.SuiteRunner.run(SuiteRunner.java:268)
	at org.testng.SuiteRunnerWorker.runSuite(SuiteRunnerWorker.java:52)
	at org.testng.SuiteRunnerWorker.run(SuiteRunnerWorker.java:86)
	at org.testng.TestNG.runSuitesSequentially(TestNG.java:1244)
	at org.testng.TestNG.runSuitesLocally(TestNG.java:1169)
	at org.testng.TestNG.run(TestNG.java:1064)
	at org.testng.TestNG.privateMain(TestNG.java:1385)
	at org.testng.TestNG.main(TestNG.java:1354)
Caused by: java.lang.ClassNotFoundException: com.relevantcodes.extentreports.ExtentReports
	at java.net.URLClassLoader.findClass(Unknown Source)
	at java.lang.ClassLoader.loadClass(Unknown Source)
	at sun.misc.Launcher$AppClassLoader.loadClass(Unknown Source)
	at java.lang.ClassLoader.loadClass(Unknown Source)
	... 18 more
]]>
            </full-stacktrace>
          </exception> <!-- java.lang.NoClassDefFoundError -->
          <reporter-output>
          </reporter-output>
        </test-method> <!-- extentreport123 -->
        <test-method status="SKIP" signature="starttest123()[pri:0, instance:scripts.LoginPage_Test@170c109]" name="starttest123" is-config="true" duration-ms="0" started-at="2019-08-27T12:52:50Z" finished-at="2019-08-27T12:52:50Z">
          <reporter-output>
          </reporter-output>
        </test-method> <!-- starttest123 -->
        <test-method status="SKIP" signature="openAppln()[pri:0, instance:scripts.LoginPage_Test@170c109]" name="openAppln" is-config="true" duration-ms="0" started-at="2019-08-27T12:52:50Z" finished-at="2019-08-27T12:52:50Z">
          <reporter-output>
          </reporter-output>
        </test-method> <!-- openAppln -->
        <test-method status="SKIP" signature="testLogin()[pri:0, instance:scripts.LoginPage_Test@170c109]" name="testLogin" duration-ms="0" started-at="2019-08-27T12:52:50Z" finished-at="2019-08-27T12:52:50Z">
          <reporter-output>
          </reporter-output>
        </test-method> <!-- testLogin -->
        <test-method status="SKIP" signature="closeAppln(org.testng.ITestResult)[pri:0, instance:scripts.LoginPage_Test@170c109]" name="closeAppln" is-config="true" duration-ms="0" started-at="2019-08-27T12:52:50Z" finished-at="2019-08-27T12:52:50Z">
          <reporter-output>
          </reporter-output>
        </test-method> <!-- closeAppln -->
      </class> <!-- scripts.LoginPage_Test -->
    </test> <!-- Test -->
  </suite> <!-- Suite -->
</testng-results>
